2024-06-13T10:20:39.608+02:00  INFO 7636 --- [g-40-shop] [main] de.ait_tr.g_40_shop.G40ShopApplication   : Starting G40ShopApplication using Java 21.0.2 with PID 7636 (C:\Backend\target\classes started by alex in C:\Backend)
2024-06-13T10:20:39.630+02:00  INFO 7636 --- [g-40-shop] [main] de.ait_tr.g_40_shop.G40ShopApplication   : No active profile set, falling back to 1 default profile: "default"
2024-06-13T10:20:42.018+02:00  INFO 7636 --- [g-40-shop] [main] .s.d.r.c.RepositoryConfigurationDelegate : Bootstrapping Spring Data JPA repositories in DEFAULT mode.
2024-06-13T10:20:42.237+02:00  INFO 7636 --- [g-40-shop] [main] .s.d.r.c.RepositoryConfigurationDelegate : Finished Spring Data repository scanning in 189 ms. Found 3 JPA repository interfaces.
2024-06-13T10:20:44.610+02:00  INFO 7636 --- [g-40-shop] [main] o.s.b.w.embedded.tomcat.TomcatWebServer  : Tomcat initialized with port 8080 (http)
2024-06-13T10:20:44.642+02:00  INFO 7636 --- [g-40-shop] [main] o.apache.catalina.core.StandardService   : Starting service [Tomcat]
2024-06-13T10:20:44.642+02:00  INFO 7636 --- [g-40-shop] [main] o.apache.catalina.core.StandardEngine    : Starting Servlet engine: [Apache Tomcat/10.1.24]
2024-06-13T10:20:44.870+02:00  INFO 7636 --- [g-40-shop] [main] o.a.c.c.C.[Tomcat].[localhost].[/]       : Initializing Spring embedded WebApplicationContext
2024-06-13T10:20:44.871+02:00  INFO 7636 --- [g-40-shop] [main] w.s.c.ServletWebServerApplicationContext : Root WebApplicationContext: initialization completed in 5086 ms
2024-06-13T10:20:45.225+02:00  INFO 7636 --- [g-40-shop] [main] com.zaxxer.hikari.HikariDataSource       : HikariPool-1 - Starting...
2024-06-13T10:20:45.773+02:00  INFO 7636 --- [g-40-shop] [main] com.zaxxer.hikari.pool.HikariPool        : HikariPool-1 - Added connection org.postgresql.jdbc.PgConnection@4ee8051c
2024-06-13T10:20:45.777+02:00  INFO 7636 --- [g-40-shop] [main] com.zaxxer.hikari.HikariDataSource       : HikariPool-1 - Start completed.
2024-06-13T10:20:46.309+02:00  INFO 7636 --- [g-40-shop] [main] liquibase.database                       : Set default schema name to public
2024-06-13T10:20:48.070+02:00  INFO 7636 --- [g-40-shop] [main] liquibase.changelog                      : Reading from public.databasechangelog
2024-06-13T10:20:48.190+02:00  INFO 7636 --- [g-40-shop] [main] liquibase.ui                             : Database is up to date, no changesets to execute
2024-06-13T10:20:48.193+02:00  INFO 7636 --- [g-40-shop] [main] liquibase.changelog                      : Reading from public.databasechangelog
2024-06-13T10:20:48.210+02:00  INFO 7636 --- [g-40-shop] [main] liquibase.util                           : UPDATE SUMMARY
2024-06-13T10:20:48.210+02:00  INFO 7636 --- [g-40-shop] [main] liquibase.util                           : Run:                          0
2024-06-13T10:20:48.210+02:00  INFO 7636 --- [g-40-shop] [main] liquibase.util                           : Previously run:               8
2024-06-13T10:20:48.210+02:00  INFO 7636 --- [g-40-shop] [main] liquibase.util                           : Filtered out:                 0
2024-06-13T10:20:48.210+02:00  INFO 7636 --- [g-40-shop] [main] liquibase.util                           : -------------------------------
2024-06-13T10:20:48.210+02:00  INFO 7636 --- [g-40-shop] [main] liquibase.util                           : Total change sets:            8
2024-06-13T10:20:48.212+02:00  INFO 7636 --- [g-40-shop] [main] liquibase.util                           : Update summary generated
2024-06-13T10:20:48.297+02:00  INFO 7636 --- [g-40-shop] [main] liquibase.lockservice                    : Successfully released change log lock
2024-06-13T10:20:48.300+02:00  INFO 7636 --- [g-40-shop] [main] liquibase.command                        : Command execution complete
2024-06-13T10:20:48.586+02:00  INFO 7636 --- [g-40-shop] [main] o.hibernate.jpa.internal.util.LogHelper  : HHH000204: Processing PersistenceUnitInfo [name: default]
2024-06-13T10:20:48.755+02:00  INFO 7636 --- [g-40-shop] [main] org.hibernate.Version                    : HHH000412: Hibernate ORM core version 6.5.2.Final
2024-06-13T10:20:48.857+02:00  INFO 7636 --- [g-40-shop] [main] o.h.c.internal.RegionFactoryInitiator    : HHH000026: Second-level cache disabled
2024-06-13T10:20:49.418+02:00  INFO 7636 --- [g-40-shop] [main] o.s.o.j.p.SpringPersistenceUnitInfo      : No LoadTimeWeaver setup: ignoring JPA class transformer
2024-06-13T10:20:51.271+02:00  INFO 7636 --- [g-40-shop] [main] o.h.e.t.j.p.i.JtaPlatformInitiator       : HHH000489: No JTA platform available (set 'hibernate.transaction.jta.platform' to enable JTA platform integration)
2024-06-13T10:20:51.277+02:00  INFO 7636 --- [g-40-shop] [main] j.LocalContainerEntityManagerFactoryBean : Initialized JPA EntityManagerFactory for persistence unit 'default'
2024-06-13T10:20:52.144+02:00  WARN 7636 --- [g-40-shop] [main] ConfigServletWebServerApplicationContext : Exception encountered during context initialization - cancelling refresh attempt: org.springframework.beans.factory.BeanCreationException: Error creating bean with name 'helloController' defined in file [C:\Backend\target\classes\de\ait_tr\g_40_shop\controller\HelloController.class]: Unexpected exception during bean creation
2024-06-13T10:20:52.145+02:00  INFO 7636 --- [g-40-shop] [main] j.LocalContainerEntityManagerFactoryBean : Closing JPA EntityManagerFactory for persistence unit 'default'
2024-06-13T10:20:52.148+02:00  INFO 7636 --- [g-40-shop] [main] com.zaxxer.hikari.HikariDataSource       : HikariPool-1 - Shutdown initiated...
2024-06-13T10:20:52.159+02:00  INFO 7636 --- [g-40-shop] [main] com.zaxxer.hikari.HikariDataSource       : HikariPool-1 - Shutdown completed.
2024-06-13T10:20:52.163+02:00  INFO 7636 --- [g-40-shop] [main] o.apache.catalina.core.StandardService   : Stopping service [Tomcat]
2024-06-13T10:20:52.187+02:00  INFO 7636 --- [g-40-shop] [main] .s.b.a.l.ConditionEvaluationReportLogger : 

Error starting ApplicationContext. To display the condition evaluation report re-run your application with 'debug' enabled.
2024-06-13T10:20:52.228+02:00 ERROR 7636 --- [g-40-shop] [main] o.s.boot.SpringApplication               : Application run failed

org.springframework.beans.factory.BeanCreationException: Error creating bean with name 'helloController' defined in file [C:\Backend\target\classes\de\ait_tr\g_40_shop\controller\HelloController.class]: Unexpected exception during bean creation
	at org.springframework.beans.factory.support.AbstractAutowireCapableBeanFactory.createBean(AbstractAutowireCapableBeanFactory.java:535) ~[spring-beans-6.1.8.jar:6.1.8]
	at org.springframework.beans.factory.support.AbstractBeanFactory.lambda$doGetBean$0(AbstractBeanFactory.java:337) ~[spring-beans-6.1.8.jar:6.1.8]
	at org.springframework.beans.factory.support.DefaultSingletonBeanRegistry.getSingleton(DefaultSingletonBeanRegistry.java:234) ~[spring-beans-6.1.8.jar:6.1.8]
	at org.springframework.beans.factory.support.AbstractBeanFactory.doGetBean(AbstractBeanFactory.java:335) ~[spring-beans-6.1.8.jar:6.1.8]
	at org.springframework.beans.factory.support.AbstractBeanFactory.getBean(AbstractBeanFactory.java:200) ~[spring-beans-6.1.8.jar:6.1.8]
	at org.springframework.beans.factory.support.DefaultListableBeanFactory.preInstantiateSingletons(DefaultListableBeanFactory.java:975) ~[spring-beans-6.1.8.jar:6.1.8]
	at org.springframework.context.support.AbstractApplicationContext.finishBeanFactoryInitialization(AbstractApplicationContext.java:962) ~[spring-context-6.1.8.jar:6.1.8]
	at org.springframework.context.support.AbstractApplicationContext.refresh(AbstractApplicationContext.java:624) ~[spring-context-6.1.8.jar:6.1.8]
	at org.springframework.boot.web.servlet.context.ServletWebServerApplicationContext.refresh(ServletWebServerApplicationContext.java:146) ~[spring-boot-3.3.0.jar:3.3.0]
	at org.springframework.boot.SpringApplication.refresh(SpringApplication.java:754) ~[spring-boot-3.3.0.jar:3.3.0]
	at org.springframework.boot.SpringApplication.refreshContext(SpringApplication.java:456) ~[spring-boot-3.3.0.jar:3.3.0]
	at org.springframework.boot.SpringApplication.run(SpringApplication.java:335) ~[spring-boot-3.3.0.jar:3.3.0]
	at org.springframework.boot.SpringApplication.run(SpringApplication.java:1363) ~[spring-boot-3.3.0.jar:3.3.0]
	at org.springframework.boot.SpringApplication.run(SpringApplication.java:1352) ~[spring-boot-3.3.0.jar:3.3.0]
	at de.ait_tr.g_40_shop.G40ShopApplication.main(G40ShopApplication.java:10) ~[classes/:na]
Caused by: java.lang.IllegalArgumentException: Could not resolve placeholder 'masseges.hello' in value "${masseges.hello}"
	at org.springframework.util.PropertyPlaceholderHelper.parseStringValue(PropertyPlaceholderHelper.java:180) ~[spring-core-6.1.8.jar:6.1.8]
	at org.springframework.util.PropertyPlaceholderHelper.replacePlaceholders(PropertyPlaceholderHelper.java:126) ~[spring-core-6.1.8.jar:6.1.8]
	at org.springframework.core.env.AbstractPropertyResolver.doResolvePlaceholders(AbstractPropertyResolver.java:239) ~[spring-core-6.1.8.jar:6.1.8]
	at org.springframework.core.env.AbstractPropertyResolver.resolveRequiredPlaceholders(AbstractPropertyResolver.java:210) ~[spring-core-6.1.8.jar:6.1.8]
	at org.springframework.context.support.PropertySourcesPlaceholderConfigurer.lambda$processProperties$0(PropertySourcesPlaceholderConfigurer.java:200) ~[spring-context-6.1.8.jar:6.1.8]
	at org.springframework.beans.factory.support.AbstractBeanFactory.resolveEmbeddedValue(AbstractBeanFactory.java:964) ~[spring-beans-6.1.8.jar:6.1.8]
	at org.springframework.beans.factory.support.DefaultListableBeanFactory.doResolveDependency(DefaultListableBeanFactory.java:1374) ~[spring-beans-6.1.8.jar:6.1.8]
	at org.springframework.beans.factory.support.DefaultListableBeanFactory.resolveDependency(DefaultListableBeanFactory.java:1353) ~[spring-beans-6.1.8.jar:6.1.8]
	at org.springframework.beans.factory.support.ConstructorResolver.resolveAutowiredArgument(ConstructorResolver.java:904) ~[spring-beans-6.1.8.jar:6.1.8]
	at org.springframework.beans.factory.support.ConstructorResolver.createArgumentArray(ConstructorResolver.java:782) ~[spring-beans-6.1.8.jar:6.1.8]
	at org.springframework.beans.factory.support.ConstructorResolver.autowireConstructor(ConstructorResolver.java:237) ~[spring-beans-6.1.8.jar:6.1.8]
	at org.springframework.beans.factory.support.AbstractAutowireCapableBeanFactory.autowireConstructor(AbstractAutowireCapableBeanFactory.java:1357) ~[spring-beans-6.1.8.jar:6.1.8]
	at org.springframework.beans.factory.support.AbstractAutowireCapableBeanFactory.createBeanInstance(AbstractAutowireCapableBeanFactory.java:1194) ~[spring-beans-6.1.8.jar:6.1.8]
	at org.springframework.beans.factory.support.AbstractAutowireCapableBeanFactory.doCreateBean(AbstractAutowireCapableBeanFactory.java:562) ~[spring-beans-6.1.8.jar:6.1.8]
	at org.springframework.beans.factory.support.AbstractAutowireCapableBeanFactory.createBean(AbstractAutowireCapableBeanFactory.java:522) ~[spring-beans-6.1.8.jar:6.1.8]
	... 14 common frames omitted

2024-06-13T10:24:37.831+02:00  INFO 16336 --- [g-40-shop] [main] de.ait_tr.g_40_shop.G40ShopApplication   : Starting G40ShopApplication using Java 21.0.2 with PID 16336 (C:\Backend\target\classes started by alex in C:\Backend)
2024-06-13T10:24:37.835+02:00  INFO 16336 --- [g-40-shop] [main] de.ait_tr.g_40_shop.G40ShopApplication   : No active profile set, falling back to 1 default profile: "default"
2024-06-13T10:24:39.698+02:00  INFO 16336 --- [g-40-shop] [main] .s.d.r.c.RepositoryConfigurationDelegate : Bootstrapping Spring Data JPA repositories in DEFAULT mode.
2024-06-13T10:24:39.821+02:00  INFO 16336 --- [g-40-shop] [main] .s.d.r.c.RepositoryConfigurationDelegate : Finished Spring Data repository scanning in 110 ms. Found 3 JPA repository interfaces.
2024-06-13T10:24:41.910+02:00  INFO 16336 --- [g-40-shop] [main] o.s.b.w.embedded.tomcat.TomcatWebServer  : Tomcat initialized with port 8080 (http)
2024-06-13T10:24:41.945+02:00  INFO 16336 --- [g-40-shop] [main] o.apache.catalina.core.StandardService   : Starting service [Tomcat]
2024-06-13T10:24:41.947+02:00  INFO 16336 --- [g-40-shop] [main] o.apache.catalina.core.StandardEngine    : Starting Servlet engine: [Apache Tomcat/10.1.24]
2024-06-13T10:24:42.189+02:00  INFO 16336 --- [g-40-shop] [main] o.a.c.c.C.[Tomcat].[localhost].[/]       : Initializing Spring embedded WebApplicationContext
2024-06-13T10:24:42.190+02:00  INFO 16336 --- [g-40-shop] [main] w.s.c.ServletWebServerApplicationContext : Root WebApplicationContext: initialization completed in 4263 ms
2024-06-13T10:24:42.665+02:00  INFO 16336 --- [g-40-shop] [main] com.zaxxer.hikari.HikariDataSource       : HikariPool-1 - Starting...
2024-06-13T10:24:43.297+02:00  INFO 16336 --- [g-40-shop] [main] com.zaxxer.hikari.pool.HikariPool        : HikariPool-1 - Added connection org.postgresql.jdbc.PgConnection@7a36c83a
2024-06-13T10:24:43.302+02:00  INFO 16336 --- [g-40-shop] [main] com.zaxxer.hikari.HikariDataSource       : HikariPool-1 - Start completed.
2024-06-13T10:24:43.760+02:00  INFO 16336 --- [g-40-shop] [main] liquibase.database                       : Set default schema name to public
2024-06-13T10:24:45.646+02:00  INFO 16336 --- [g-40-shop] [main] liquibase.changelog                      : Reading from public.databasechangelog
2024-06-13T10:24:45.756+02:00  INFO 16336 --- [g-40-shop] [main] liquibase.ui                             : Database is up to date, no changesets to execute
2024-06-13T10:24:45.760+02:00  INFO 16336 --- [g-40-shop] [main] liquibase.changelog                      : Reading from public.databasechangelog
2024-06-13T10:24:45.780+02:00  INFO 16336 --- [g-40-shop] [main] liquibase.util                           : UPDATE SUMMARY
2024-06-13T10:24:45.780+02:00  INFO 16336 --- [g-40-shop] [main] liquibase.util                           : Run:                          0
2024-06-13T10:24:45.780+02:00  INFO 16336 --- [g-40-shop] [main] liquibase.util                           : Previously run:               8
2024-06-13T10:24:45.781+02:00  INFO 16336 --- [g-40-shop] [main] liquibase.util                           : Filtered out:                 0
2024-06-13T10:24:45.781+02:00  INFO 16336 --- [g-40-shop] [main] liquibase.util                           : -------------------------------
2024-06-13T10:24:45.781+02:00  INFO 16336 --- [g-40-shop] [main] liquibase.util                           : Total change sets:            8
2024-06-13T10:24:45.783+02:00  INFO 16336 --- [g-40-shop] [main] liquibase.util                           : Update summary generated
2024-06-13T10:24:45.838+02:00  INFO 16336 --- [g-40-shop] [main] liquibase.lockservice                    : Successfully released change log lock
2024-06-13T10:24:45.844+02:00  INFO 16336 --- [g-40-shop] [main] liquibase.command                        : Command execution complete
2024-06-13T10:24:46.137+02:00  INFO 16336 --- [g-40-shop] [main] o.hibernate.jpa.internal.util.LogHelper  : HHH000204: Processing PersistenceUnitInfo [name: default]
2024-06-13T10:24:46.262+02:00  INFO 16336 --- [g-40-shop] [main] org.hibernate.Version                    : HHH000412: Hibernate ORM core version 6.5.2.Final
2024-06-13T10:24:46.329+02:00  INFO 16336 --- [g-40-shop] [main] o.h.c.internal.RegionFactoryInitiator    : HHH000026: Second-level cache disabled
2024-06-13T10:24:47.021+02:00  INFO 16336 --- [g-40-shop] [main] o.s.o.j.p.SpringPersistenceUnitInfo      : No LoadTimeWeaver setup: ignoring JPA class transformer
2024-06-13T10:24:48.590+02:00  INFO 16336 --- [g-40-shop] [main] o.h.e.t.j.p.i.JtaPlatformInitiator       : HHH000489: No JTA platform available (set 'hibernate.transaction.jta.platform' to enable JTA platform integration)
2024-06-13T10:24:48.594+02:00  INFO 16336 --- [g-40-shop] [main] j.LocalContainerEntityManagerFactoryBean : Initialized JPA EntityManagerFactory for persistence unit 'default'
2024-06-13T10:24:49.140+02:00  WARN 16336 --- [g-40-shop] [main] ConfigServletWebServerApplicationContext : Exception encountered during context initialization - cancelling refresh attempt: org.springframework.beans.factory.BeanCreationException: Error creating bean with name 'helloController' defined in file [C:\Backend\target\classes\de\ait_tr\g_40_shop\controller\HelloController.class]: Unexpected exception during bean creation
2024-06-13T10:24:49.141+02:00  INFO 16336 --- [g-40-shop] [main] j.LocalContainerEntityManagerFactoryBean : Closing JPA EntityManagerFactory for persistence unit 'default'
2024-06-13T10:24:49.144+02:00  INFO 16336 --- [g-40-shop] [main] com.zaxxer.hikari.HikariDataSource       : HikariPool-1 - Shutdown initiated...
2024-06-13T10:24:49.151+02:00  INFO 16336 --- [g-40-shop] [main] com.zaxxer.hikari.HikariDataSource       : HikariPool-1 - Shutdown completed.
2024-06-13T10:24:49.155+02:00  INFO 16336 --- [g-40-shop] [main] o.apache.catalina.core.StandardService   : Stopping service [Tomcat]
2024-06-13T10:24:49.181+02:00  INFO 16336 --- [g-40-shop] [main] .s.b.a.l.ConditionEvaluationReportLogger : 

Error starting ApplicationContext. To display the condition evaluation report re-run your application with 'debug' enabled.
2024-06-13T10:24:49.223+02:00 ERROR 16336 --- [g-40-shop] [main] o.s.boot.SpringApplication               : Application run failed

org.springframework.beans.factory.BeanCreationException: Error creating bean with name 'helloController' defined in file [C:\Backend\target\classes\de\ait_tr\g_40_shop\controller\HelloController.class]: Unexpected exception during bean creation
	at org.springframework.beans.factory.support.AbstractAutowireCapableBeanFactory.createBean(AbstractAutowireCapableBeanFactory.java:535) ~[spring-beans-6.1.8.jar:6.1.8]
	at org.springframework.beans.factory.support.AbstractBeanFactory.lambda$doGetBean$0(AbstractBeanFactory.java:337) ~[spring-beans-6.1.8.jar:6.1.8]
	at org.springframework.beans.factory.support.DefaultSingletonBeanRegistry.getSingleton(DefaultSingletonBeanRegistry.java:234) ~[spring-beans-6.1.8.jar:6.1.8]
	at org.springframework.beans.factory.support.AbstractBeanFactory.doGetBean(AbstractBeanFactory.java:335) ~[spring-beans-6.1.8.jar:6.1.8]
	at org.springframework.beans.factory.support.AbstractBeanFactory.getBean(AbstractBeanFactory.java:200) ~[spring-beans-6.1.8.jar:6.1.8]
	at org.springframework.beans.factory.support.DefaultListableBeanFactory.preInstantiateSingletons(DefaultListableBeanFactory.java:975) ~[spring-beans-6.1.8.jar:6.1.8]
	at org.springframework.context.support.AbstractApplicationContext.finishBeanFactoryInitialization(AbstractApplicationContext.java:962) ~[spring-context-6.1.8.jar:6.1.8]
	at org.springframework.context.support.AbstractApplicationContext.refresh(AbstractApplicationContext.java:624) ~[spring-context-6.1.8.jar:6.1.8]
	at org.springframework.boot.web.servlet.context.ServletWebServerApplicationContext.refresh(ServletWebServerApplicationContext.java:146) ~[spring-boot-3.3.0.jar:3.3.0]
	at org.springframework.boot.SpringApplication.refresh(SpringApplication.java:754) ~[spring-boot-3.3.0.jar:3.3.0]
	at org.springframework.boot.SpringApplication.refreshContext(SpringApplication.java:456) ~[spring-boot-3.3.0.jar:3.3.0]
	at org.springframework.boot.SpringApplication.run(SpringApplication.java:335) ~[spring-boot-3.3.0.jar:3.3.0]
	at org.springframework.boot.SpringApplication.run(SpringApplication.java:1363) ~[spring-boot-3.3.0.jar:3.3.0]
	at org.springframework.boot.SpringApplication.run(SpringApplication.java:1352) ~[spring-boot-3.3.0.jar:3.3.0]
	at de.ait_tr.g_40_shop.G40ShopApplication.main(G40ShopApplication.java:10) ~[classes/:na]
Caused by: java.lang.IllegalArgumentException: Could not resolve placeholder 'masseges.hello' in value "${masseges.hello}"
	at org.springframework.util.PropertyPlaceholderHelper.parseStringValue(PropertyPlaceholderHelper.java:180) ~[spring-core-6.1.8.jar:6.1.8]
	at org.springframework.util.PropertyPlaceholderHelper.replacePlaceholders(PropertyPlaceholderHelper.java:126) ~[spring-core-6.1.8.jar:6.1.8]
	at org.springframework.core.env.AbstractPropertyResolver.doResolvePlaceholders(AbstractPropertyResolver.java:239) ~[spring-core-6.1.8.jar:6.1.8]
	at org.springframework.core.env.AbstractPropertyResolver.resolveRequiredPlaceholders(AbstractPropertyResolver.java:210) ~[spring-core-6.1.8.jar:6.1.8]
	at org.springframework.context.support.PropertySourcesPlaceholderConfigurer.lambda$processProperties$0(PropertySourcesPlaceholderConfigurer.java:200) ~[spring-context-6.1.8.jar:6.1.8]
	at org.springframework.beans.factory.support.AbstractBeanFactory.resolveEmbeddedValue(AbstractBeanFactory.java:964) ~[spring-beans-6.1.8.jar:6.1.8]
	at org.springframework.beans.factory.support.DefaultListableBeanFactory.doResolveDependency(DefaultListableBeanFactory.java:1374) ~[spring-beans-6.1.8.jar:6.1.8]
	at org.springframework.beans.factory.support.DefaultListableBeanFactory.resolveDependency(DefaultListableBeanFactory.java:1353) ~[spring-beans-6.1.8.jar:6.1.8]
	at org.springframework.beans.factory.support.ConstructorResolver.resolveAutowiredArgument(ConstructorResolver.java:904) ~[spring-beans-6.1.8.jar:6.1.8]
	at org.springframework.beans.factory.support.ConstructorResolver.createArgumentArray(ConstructorResolver.java:782) ~[spring-beans-6.1.8.jar:6.1.8]
	at org.springframework.beans.factory.support.ConstructorResolver.autowireConstructor(ConstructorResolver.java:237) ~[spring-beans-6.1.8.jar:6.1.8]
	at org.springframework.beans.factory.support.AbstractAutowireCapableBeanFactory.autowireConstructor(AbstractAutowireCapableBeanFactory.java:1357) ~[spring-beans-6.1.8.jar:6.1.8]
	at org.springframework.beans.factory.support.AbstractAutowireCapableBeanFactory.createBeanInstance(AbstractAutowireCapableBeanFactory.java:1194) ~[spring-beans-6.1.8.jar:6.1.8]
	at org.springframework.beans.factory.support.AbstractAutowireCapableBeanFactory.doCreateBean(AbstractAutowireCapableBeanFactory.java:562) ~[spring-beans-6.1.8.jar:6.1.8]
	at org.springframework.beans.factory.support.AbstractAutowireCapableBeanFactory.createBean(AbstractAutowireCapableBeanFactory.java:522) ~[spring-beans-6.1.8.jar:6.1.8]
	... 14 common frames omitted

2024-06-13T10:30:30.785+02:00  INFO 15480 --- [g-40-shop] [main] de.ait_tr.g_40_shop.G40ShopApplication   : Starting G40ShopApplication using Java 21.0.2 with PID 15480 (C:\Backend\target\classes started by alex in C:\Backend)
2024-06-13T10:30:30.792+02:00  INFO 15480 --- [g-40-shop] [main] de.ait_tr.g_40_shop.G40ShopApplication   : The following 1 profile is active: "dev"
2024-06-13T10:30:33.957+02:00  INFO 15480 --- [g-40-shop] [main] .s.d.r.c.RepositoryConfigurationDelegate : Bootstrapping Spring Data JPA repositories in DEFAULT mode.
2024-06-13T10:30:34.184+02:00  INFO 15480 --- [g-40-shop] [main] .s.d.r.c.RepositoryConfigurationDelegate : Finished Spring Data repository scanning in 198 ms. Found 3 JPA repository interfaces.
2024-06-13T10:30:36.772+02:00  INFO 15480 --- [g-40-shop] [main] o.s.b.w.embedded.tomcat.TomcatWebServer  : Tomcat initialized with port 8080 (http)
2024-06-13T10:30:36.810+02:00  INFO 15480 --- [g-40-shop] [main] o.apache.catalina.core.StandardService   : Starting service [Tomcat]
2024-06-13T10:30:36.811+02:00  INFO 15480 --- [g-40-shop] [main] o.apache.catalina.core.StandardEngine    : Starting Servlet engine: [Apache Tomcat/10.1.24]
2024-06-13T10:30:37.211+02:00  INFO 15480 --- [g-40-shop] [main] o.a.c.c.C.[Tomcat].[localhost].[/]       : Initializing Spring embedded WebApplicationContext
2024-06-13T10:30:37.213+02:00  INFO 15480 --- [g-40-shop] [main] w.s.c.ServletWebServerApplicationContext : Root WebApplicationContext: initialization completed in 6267 ms
2024-06-13T10:30:37.760+02:00  INFO 15480 --- [g-40-shop] [main] com.zaxxer.hikari.HikariDataSource       : HikariPool-1 - Starting...
2024-06-13T10:30:38.510+02:00  INFO 15480 --- [g-40-shop] [main] com.zaxxer.hikari.pool.HikariPool        : HikariPool-1 - Added connection org.postgresql.jdbc.PgConnection@2f4d32bf
2024-06-13T10:30:38.513+02:00  INFO 15480 --- [g-40-shop] [main] com.zaxxer.hikari.HikariDataSource       : HikariPool-1 - Start completed.
2024-06-13T10:30:39.176+02:00  INFO 15480 --- [g-40-shop] [main] liquibase.database                       : Set default schema name to public
2024-06-13T10:30:41.469+02:00  INFO 15480 --- [g-40-shop] [main] liquibase.changelog                      : Reading from public.databasechangelog
2024-06-13T10:30:41.641+02:00  INFO 15480 --- [g-40-shop] [main] liquibase.ui                             : Database is up to date, no changesets to execute
2024-06-13T10:30:41.647+02:00  INFO 15480 --- [g-40-shop] [main] liquibase.changelog                      : Reading from public.databasechangelog
2024-06-13T10:30:41.682+02:00  INFO 15480 --- [g-40-shop] [main] liquibase.util                           : UPDATE SUMMARY
2024-06-13T10:30:41.682+02:00  INFO 15480 --- [g-40-shop] [main] liquibase.util                           : Run:                          0
2024-06-13T10:30:41.684+02:00  INFO 15480 --- [g-40-shop] [main] liquibase.util                           : Previously run:               8
2024-06-13T10:30:41.685+02:00  INFO 15480 --- [g-40-shop] [main] liquibase.util                           : Filtered out:                 0
2024-06-13T10:30:41.686+02:00  INFO 15480 --- [g-40-shop] [main] liquibase.util                           : -------------------------------
2024-06-13T10:30:41.687+02:00  INFO 15480 --- [g-40-shop] [main] liquibase.util                           : Total change sets:            8
2024-06-13T10:30:41.700+02:00  INFO 15480 --- [g-40-shop] [main] liquibase.util                           : Update summary generated
2024-06-13T10:30:41.767+02:00  INFO 15480 --- [g-40-shop] [main] liquibase.lockservice                    : Successfully released change log lock
2024-06-13T10:30:41.774+02:00  INFO 15480 --- [g-40-shop] [main] liquibase.command                        : Command execution complete
2024-06-13T10:30:42.330+02:00  INFO 15480 --- [g-40-shop] [main] o.hibernate.jpa.internal.util.LogHelper  : HHH000204: Processing PersistenceUnitInfo [name: default]
2024-06-13T10:30:42.536+02:00  INFO 15480 --- [g-40-shop] [main] org.hibernate.Version                    : HHH000412: Hibernate ORM core version 6.5.2.Final
2024-06-13T10:30:42.741+02:00  INFO 15480 --- [g-40-shop] [main] o.h.c.internal.RegionFactoryInitiator    : HHH000026: Second-level cache disabled
2024-06-13T10:30:43.756+02:00  INFO 15480 --- [g-40-shop] [main] o.s.o.j.p.SpringPersistenceUnitInfo      : No LoadTimeWeaver setup: ignoring JPA class transformer
2024-06-13T10:30:45.987+02:00  INFO 15480 --- [g-40-shop] [main] o.h.e.t.j.p.i.JtaPlatformInitiator       : HHH000489: No JTA platform available (set 'hibernate.transaction.jta.platform' to enable JTA platform integration)
2024-06-13T10:30:45.991+02:00  INFO 15480 --- [g-40-shop] [main] j.LocalContainerEntityManagerFactoryBean : Initialized JPA EntityManagerFactory for persistence unit 'default'
2024-06-13T10:30:47.626+02:00  WARN 15480 --- [g-40-shop] [main] JpaBaseConfiguration$JpaWebConfiguration : spring.jpa.open-in-view is enabled by default. Therefore, database queries may be performed during view rendering. Explicitly configure spring.jpa.open-in-view to disable this warning
2024-06-13T10:30:47.691+02:00  INFO 15480 --- [g-40-shop] [main] r$InitializeUserDetailsManagerConfigurer : Global AuthenticationManager configured with UserDetailsService bean with name userService
2024-06-13T10:30:48.701+02:00  INFO 15480 --- [g-40-shop] [main] o.s.s.web.DefaultSecurityFilterChain     : Will secure any request with [org.springframework.security.web.session.DisableEncodeUrlFilter@7b3db079, org.springframework.security.web.context.request.async.WebAsyncManagerIntegrationFilter@6ef5e46a, org.springframework.security.web.context.SecurityContextHolderFilter@ba4c99c, org.springframework.security.web.header.HeaderWriterFilter@13c79e0d, org.springframework.web.filter.CorsFilter@5b7e2a88, org.springframework.security.web.authentication.logout.LogoutFilter@270a113f, de.ait_tr.g_40_shop.security.sec_filter.TokenFilter@5d3a147f, org.springframework.security.web.savedrequest.RequestCacheAwareFilter@4d45b457, org.springframework.security.web.servletapi.SecurityContextHolderAwareRequestFilter@4951dc8c, org.springframework.security.web.authentication.AnonymousAuthenticationFilter@6984f7d1, org.springframework.security.web.session.SessionManagementFilter@1bfa398e, org.springframework.security.web.access.ExceptionTranslationFilter@4ab1ff80, org.springframework.security.web.access.intercept.AuthorizationFilter@361065d1]
2024-06-13T10:30:49.881+02:00  WARN 15480 --- [g-40-shop] [main] ConfigServletWebServerApplicationContext : Exception encountered during context initialization - cancelling refresh attempt: org.springframework.context.ApplicationContextException: Failed to start bean 'webServerStartStop'
2024-06-13T10:30:49.890+02:00  INFO 15480 --- [g-40-shop] [main] j.LocalContainerEntityManagerFactoryBean : Closing JPA EntityManagerFactory for persistence unit 'default'
2024-06-13T10:30:49.898+02:00  INFO 15480 --- [g-40-shop] [main] com.zaxxer.hikari.HikariDataSource       : HikariPool-1 - Shutdown initiated...
2024-06-13T10:30:49.911+02:00  INFO 15480 --- [g-40-shop] [main] com.zaxxer.hikari.HikariDataSource       : HikariPool-1 - Shutdown completed.
2024-06-13T10:30:49.973+02:00  INFO 15480 --- [g-40-shop] [main] .s.b.a.l.ConditionEvaluationReportLogger : 

Error starting ApplicationContext. To display the condition evaluation report re-run your application with 'debug' enabled.
2024-06-13T10:30:50.033+02:00 ERROR 15480 --- [g-40-shop] [main] o.s.b.d.LoggingFailureAnalysisReporter   : 

***************************
APPLICATION FAILED TO START
***************************

Description:

Web server failed to start. Port 8080 was already in use.

Action:

Identify and stop the process that's listening on port 8080 or configure this application to listen on another port.

2024-06-13T10:33:25.699+02:00  INFO 16788 --- [g-40-shop] [main] de.ait_tr.g_40_shop.G40ShopApplication   : Starting G40ShopApplication using Java 21.0.2 with PID 16788 (C:\Backend\target\classes started by alex in C:\Backend)
2024-06-13T10:33:25.704+02:00  INFO 16788 --- [g-40-shop] [main] de.ait_tr.g_40_shop.G40ShopApplication   : The following 1 profile is active: "dev"
2024-06-13T10:33:27.786+02:00  INFO 16788 --- [g-40-shop] [main] .s.d.r.c.RepositoryConfigurationDelegate : Bootstrapping Spring Data JPA repositories in DEFAULT mode.
2024-06-13T10:33:27.927+02:00  INFO 16788 --- [g-40-shop] [main] .s.d.r.c.RepositoryConfigurationDelegate : Finished Spring Data repository scanning in 128 ms. Found 3 JPA repository interfaces.
2024-06-13T10:33:29.942+02:00  INFO 16788 --- [g-40-shop] [main] o.s.b.w.embedded.tomcat.TomcatWebServer  : Tomcat initialized with port 8080 (http)
2024-06-13T10:33:29.972+02:00  INFO 16788 --- [g-40-shop] [main] o.apache.catalina.core.StandardService   : Starting service [Tomcat]
2024-06-13T10:33:29.972+02:00  INFO 16788 --- [g-40-shop] [main] o.apache.catalina.core.StandardEngine    : Starting Servlet engine: [Apache Tomcat/10.1.24]
2024-06-13T10:33:30.183+02:00  INFO 16788 --- [g-40-shop] [main] o.a.c.c.C.[Tomcat].[localhost].[/]       : Initializing Spring embedded WebApplicationContext
2024-06-13T10:33:30.185+02:00  INFO 16788 --- [g-40-shop] [main] w.s.c.ServletWebServerApplicationContext : Root WebApplicationContext: initialization completed in 4379 ms
2024-06-13T10:33:30.501+02:00  INFO 16788 --- [g-40-shop] [main] com.zaxxer.hikari.HikariDataSource       : HikariPool-1 - Starting...
2024-06-13T10:33:30.992+02:00  INFO 16788 --- [g-40-shop] [main] com.zaxxer.hikari.pool.HikariPool        : HikariPool-1 - Added connection org.postgresql.jdbc.PgConnection@71c0b742
2024-06-13T10:33:30.996+02:00  INFO 16788 --- [g-40-shop] [main] com.zaxxer.hikari.HikariDataSource       : HikariPool-1 - Start completed.
2024-06-13T10:33:31.493+02:00  INFO 16788 --- [g-40-shop] [main] liquibase.database                       : Set default schema name to public
2024-06-13T10:33:33.217+02:00  INFO 16788 --- [g-40-shop] [main] liquibase.changelog                      : Reading from public.databasechangelog
2024-06-13T10:33:33.336+02:00  INFO 16788 --- [g-40-shop] [main] liquibase.ui                             : Database is up to date, no changesets to execute
2024-06-13T10:33:33.338+02:00  INFO 16788 --- [g-40-shop] [main] liquibase.changelog                      : Reading from public.databasechangelog
2024-06-13T10:33:33.356+02:00  INFO 16788 --- [g-40-shop] [main] liquibase.util                           : UPDATE SUMMARY
2024-06-13T10:33:33.357+02:00  INFO 16788 --- [g-40-shop] [main] liquibase.util                           : Run:                          0
2024-06-13T10:33:33.357+02:00  INFO 16788 --- [g-40-shop] [main] liquibase.util                           : Previously run:               8
2024-06-13T10:33:33.357+02:00  INFO 16788 --- [g-40-shop] [main] liquibase.util                           : Filtered out:                 0
2024-06-13T10:33:33.357+02:00  INFO 16788 --- [g-40-shop] [main] liquibase.util                           : -------------------------------
2024-06-13T10:33:33.357+02:00  INFO 16788 --- [g-40-shop] [main] liquibase.util                           : Total change sets:            8
2024-06-13T10:33:33.358+02:00  INFO 16788 --- [g-40-shop] [main] liquibase.util                           : Update summary generated
2024-06-13T10:33:33.417+02:00  INFO 16788 --- [g-40-shop] [main] liquibase.lockservice                    : Successfully released change log lock
2024-06-13T10:33:33.421+02:00  INFO 16788 --- [g-40-shop] [main] liquibase.command                        : Command execution complete
2024-06-13T10:33:33.693+02:00  INFO 16788 --- [g-40-shop] [main] o.hibernate.jpa.internal.util.LogHelper  : HHH000204: Processing PersistenceUnitInfo [name: default]
2024-06-13T10:33:33.860+02:00  INFO 16788 --- [g-40-shop] [main] org.hibernate.Version                    : HHH000412: Hibernate ORM core version 6.5.2.Final
2024-06-13T10:33:33.952+02:00  INFO 16788 --- [g-40-shop] [main] o.h.c.internal.RegionFactoryInitiator    : HHH000026: Second-level cache disabled
2024-06-13T10:33:34.641+02:00  INFO 16788 --- [g-40-shop] [main] o.s.o.j.p.SpringPersistenceUnitInfo      : No LoadTimeWeaver setup: ignoring JPA class transformer
2024-06-13T10:33:36.216+02:00  INFO 16788 --- [g-40-shop] [main] o.h.e.t.j.p.i.JtaPlatformInitiator       : HHH000489: No JTA platform available (set 'hibernate.transaction.jta.platform' to enable JTA platform integration)
2024-06-13T10:33:36.221+02:00  INFO 16788 --- [g-40-shop] [main] j.LocalContainerEntityManagerFactoryBean : Initialized JPA EntityManagerFactory for persistence unit 'default'
2024-06-13T10:33:37.439+02:00  WARN 16788 --- [g-40-shop] [main] JpaBaseConfiguration$JpaWebConfiguration : spring.jpa.open-in-view is enabled by default. Therefore, database queries may be performed during view rendering. Explicitly configure spring.jpa.open-in-view to disable this warning
2024-06-13T10:33:37.503+02:00  INFO 16788 --- [g-40-shop] [main] r$InitializeUserDetailsManagerConfigurer : Global AuthenticationManager configured with UserDetailsService bean with name userService
2024-06-13T10:33:38.232+02:00  INFO 16788 --- [g-40-shop] [main] o.s.s.web.DefaultSecurityFilterChain     : Will secure any request with [org.springframework.security.web.session.DisableEncodeUrlFilter@2b8106f, org.springframework.security.web.context.request.async.WebAsyncManagerIntegrationFilter@4b391e45, org.springframework.security.web.context.SecurityContextHolderFilter@713323a3, org.springframework.security.web.header.HeaderWriterFilter@22912968, org.springframework.web.filter.CorsFilter@647bd553, org.springframework.security.web.authentication.logout.LogoutFilter@2d094add, de.ait_tr.g_40_shop.security.sec_filter.TokenFilter@7712c315, org.springframework.security.web.savedrequest.RequestCacheAwareFilter@dd5ea90, org.springframework.security.web.servletapi.SecurityContextHolderAwareRequestFilter@3dc976da, org.springframework.security.web.authentication.AnonymousAuthenticationFilter@54602d5a, org.springframework.security.web.session.SessionManagementFilter@76a90ecb, org.springframework.security.web.access.ExceptionTranslationFilter@353ac1ef, org.springframework.security.web.access.intercept.AuthorizationFilter@15974f4e]
2024-06-13T10:33:38.966+02:00  INFO 16788 --- [g-40-shop] [main] o.s.b.w.embedded.tomcat.TomcatWebServer  : Tomcat started on port 8080 (http) with context path '/'
2024-06-13T10:33:38.982+02:00  INFO 16788 --- [g-40-shop] [main] de.ait_tr.g_40_shop.G40ShopApplication   : Started G40ShopApplication in 14.359 seconds (process running for 15.209)
2024-06-13T10:34:36.588+02:00  INFO 16788 --- [g-40-shop] [http-nio-8080-exec-1] o.a.c.c.C.[Tomcat].[localhost].[/]       : Initializing Spring DispatcherServlet 'dispatcherServlet'
2024-06-13T10:34:36.589+02:00  INFO 16788 --- [g-40-shop] [http-nio-8080-exec-1] o.s.web.servlet.DispatcherServlet        : Initializing Servlet 'dispatcherServlet'
2024-06-13T10:34:36.591+02:00  INFO 16788 --- [g-40-shop] [http-nio-8080-exec-1] o.s.web.servlet.DispatcherServlet        : Completed initialization in 2 ms
2024-06-13T10:34:37.178+02:00  INFO 16788 --- [g-40-shop] [http-nio-8080-exec-1] d.a.g_40_shop.logging.AspectLogging      : Method getAllActiveProducts of the class ProductServiceImpl called
2024-06-13T10:34:37.207+02:00  INFO 16788 --- [g-40-shop] [http-nio-8080-exec-1] d.a.g_40_shop.logging.AspectLogging      : Method getAllActiveProducts of the class ProductServiceImpl finished its work with result: [Product DTO: id - 1, title - Banana, price - 130.00, Product DTO: id - 14, title - Avocado green300, price - 150.00, Product DTO: id - 15, title - Tomato, price - 150.00, Product DTO: id - 16, title - Tomato Big, price - 1500.00, Product DTO: id - 17, title - test Product, price - 777.00, Product DTO: id - 2, title - Apple, price - 503.00, Product DTO: id - 21, title - Banana222, price - 130.00]
2024-06-13T10:35:02.121+02:00  INFO 16788 --- [g-40-shop] [http-nio-8080-exec-4] d.a.g_40_shop.logging.AspectLogging      : Method getAllActiveProducts of the class ProductServiceImpl called
2024-06-13T10:35:02.127+02:00  INFO 16788 --- [g-40-shop] [http-nio-8080-exec-4] d.a.g_40_shop.logging.AspectLogging      : Method getAllActiveProducts of the class ProductServiceImpl finished its work with result: [Product DTO: id - 1, title - Banana, price - 130.00, Product DTO: id - 14, title - Avocado green300, price - 150.00, Product DTO: id - 15, title - Tomato, price - 150.00, Product DTO: id - 16, title - Tomato Big, price - 1500.00, Product DTO: id - 17, title - test Product, price - 777.00, Product DTO: id - 2, title - Apple, price - 503.00, Product DTO: id - 21, title - Banana222, price - 130.00]
2024-06-13T10:35:35.619+02:00  INFO 16788 --- [g-40-shop] [http-nio-8080-exec-6] d.a.g_40_shop.logging.AspectLogging      : Method getAllActiveProducts of the class ProductServiceImpl called
2024-06-13T10:35:35.624+02:00  INFO 16788 --- [g-40-shop] [http-nio-8080-exec-6] d.a.g_40_shop.logging.AspectLogging      : Method getAllActiveProducts of the class ProductServiceImpl finished its work with result: [Product DTO: id - 1, title - Banana, price - 130.00, Product DTO: id - 14, title - Avocado green300, price - 150.00, Product DTO: id - 15, title - Tomato, price - 150.00, Product DTO: id - 16, title - Tomato Big, price - 1500.00, Product DTO: id - 17, title - test Product, price - 777.00, Product DTO: id - 2, title - Apple, price - 503.00, Product DTO: id - 21, title - Banana222, price - 130.00]
2024-06-13T10:36:11.491+02:00  INFO 16788 --- [g-40-shop] [http-nio-8080-exec-7] d.a.g_40_shop.logging.AspectLogging      : Method save of the class ProductServiceImpl called with parameter Product DTO: id - null, title - Banana2345, price - 130
2024-06-13T10:36:11.553+02:00  INFO 16788 --- [g-40-shop] [http-nio-8080-exec-7] d.a.g_40_shop.logging.AspectLogging      : Method save of the class ProductServiceImpl finished its work
2024-06-13T10:46:13.595+02:00  INFO 16788 --- [g-40-shop] [SpringApplicationShutdownHook] j.LocalContainerEntityManagerFactoryBean : Closing JPA EntityManagerFactory for persistence unit 'default'
2024-06-13T10:46:13.602+02:00  INFO 16788 --- [g-40-shop] [SpringApplicationShutdownHook] com.zaxxer.hikari.HikariDataSource       : HikariPool-1 - Shutdown initiated...
2024-06-13T10:46:13.633+02:00  INFO 16788 --- [g-40-shop] [SpringApplicationShutdownHook] com.zaxxer.hikari.HikariDataSource       : HikariPool-1 - Shutdown completed.
2024-06-13T10:46:23.565+02:00  INFO 12148 --- [g-40-shop] [main] de.ait_tr.g_40_shop.G40ShopApplication   : Starting G40ShopApplication using Java 21.0.2 with PID 12148 (C:\Backend\target\classes started by alex in C:\Backend)
2024-06-13T10:46:23.582+02:00  INFO 12148 --- [g-40-shop] [main] de.ait_tr.g_40_shop.G40ShopApplication   : The following 1 profile is active: "dev"
2024-06-13T10:46:27.617+02:00  INFO 12148 --- [g-40-shop] [main] .s.d.r.c.RepositoryConfigurationDelegate : Bootstrapping Spring Data JPA repositories in DEFAULT mode.
2024-06-13T10:46:27.888+02:00  INFO 12148 --- [g-40-shop] [main] .s.d.r.c.RepositoryConfigurationDelegate : Finished Spring Data repository scanning in 249 ms. Found 3 JPA repository interfaces.
2024-06-13T10:46:31.144+02:00  INFO 12148 --- [g-40-shop] [main] o.s.b.w.embedded.tomcat.TomcatWebServer  : Tomcat initialized with port 8080 (http)
2024-06-13T10:46:31.186+02:00  INFO 12148 --- [g-40-shop] [main] o.apache.catalina.core.StandardService   : Starting service [Tomcat]
2024-06-13T10:46:31.188+02:00  INFO 12148 --- [g-40-shop] [main] o.apache.catalina.core.StandardEngine    : Starting Servlet engine: [Apache Tomcat/10.1.24]
2024-06-13T10:46:31.499+02:00  INFO 12148 --- [g-40-shop] [main] o.a.c.c.C.[Tomcat].[localhost].[/]       : Initializing Spring embedded WebApplicationContext
2024-06-13T10:46:31.501+02:00  INFO 12148 --- [g-40-shop] [main] w.s.c.ServletWebServerApplicationContext : Root WebApplicationContext: initialization completed in 7679 ms
2024-06-13T10:46:32.164+02:00  INFO 12148 --- [g-40-shop] [main] com.zaxxer.hikari.HikariDataSource       : HikariPool-1 - Starting...
2024-06-13T10:46:33.014+02:00  INFO 12148 --- [g-40-shop] [main] com.zaxxer.hikari.pool.HikariPool        : HikariPool-1 - Added connection org.postgresql.jdbc.PgConnection@4f811029
2024-06-13T10:46:33.018+02:00  INFO 12148 --- [g-40-shop] [main] com.zaxxer.hikari.HikariDataSource       : HikariPool-1 - Start completed.
2024-06-13T10:46:33.776+02:00  INFO 12148 --- [g-40-shop] [main] liquibase.database                       : Set default schema name to public
2024-06-13T10:46:36.427+02:00  INFO 12148 --- [g-40-shop] [main] liquibase.changelog                      : Reading from public.databasechangelog
2024-06-13T10:46:36.600+02:00  INFO 12148 --- [g-40-shop] [main] liquibase.ui                             : Database is up to date, no changesets to execute
2024-06-13T10:46:36.603+02:00  INFO 12148 --- [g-40-shop] [main] liquibase.changelog                      : Reading from public.databasechangelog
2024-06-13T10:46:36.642+02:00  INFO 12148 --- [g-40-shop] [main] liquibase.util                           : UPDATE SUMMARY
2024-06-13T10:46:36.642+02:00  INFO 12148 --- [g-40-shop] [main] liquibase.util                           : Run:                          0
2024-06-13T10:46:36.642+02:00  INFO 12148 --- [g-40-shop] [main] liquibase.util                           : Previously run:               8
2024-06-13T10:46:36.643+02:00  INFO 12148 --- [g-40-shop] [main] liquibase.util                           : Filtered out:                 0
2024-06-13T10:46:36.643+02:00  INFO 12148 --- [g-40-shop] [main] liquibase.util                           : -------------------------------
2024-06-13T10:46:36.643+02:00  INFO 12148 --- [g-40-shop] [main] liquibase.util                           : Total change sets:            8
2024-06-13T10:46:36.645+02:00  INFO 12148 --- [g-40-shop] [main] liquibase.util                           : Update summary generated
2024-06-13T10:46:36.736+02:00  INFO 12148 --- [g-40-shop] [main] liquibase.lockservice                    : Successfully released change log lock
2024-06-13T10:46:36.739+02:00  INFO 12148 --- [g-40-shop] [main] liquibase.command                        : Command execution complete
2024-06-13T10:46:37.212+02:00  INFO 12148 --- [g-40-shop] [main] o.hibernate.jpa.internal.util.LogHelper  : HHH000204: Processing PersistenceUnitInfo [name: default]
2024-06-13T10:46:37.459+02:00  INFO 12148 --- [g-40-shop] [main] org.hibernate.Version                    : HHH000412: Hibernate ORM core version 6.5.2.Final
2024-06-13T10:46:37.591+02:00  INFO 12148 --- [g-40-shop] [main] o.h.c.internal.RegionFactoryInitiator    : HHH000026: Second-level cache disabled
2024-06-13T10:46:38.864+02:00  INFO 12148 --- [g-40-shop] [main] o.s.o.j.p.SpringPersistenceUnitInfo      : No LoadTimeWeaver setup: ignoring JPA class transformer
2024-06-13T10:46:41.952+02:00  INFO 12148 --- [g-40-shop] [main] o.h.e.t.j.p.i.JtaPlatformInitiator       : HHH000489: No JTA platform available (set 'hibernate.transaction.jta.platform' to enable JTA platform integration)
2024-06-13T10:46:41.960+02:00  INFO 12148 --- [g-40-shop] [main] j.LocalContainerEntityManagerFactoryBean : Initialized JPA EntityManagerFactory for persistence unit 'default'
2024-06-13T10:46:43.560+02:00  WARN 12148 --- [g-40-shop] [main] JpaBaseConfiguration$JpaWebConfiguration : spring.jpa.open-in-view is enabled by default. Therefore, database queries may be performed during view rendering. Explicitly configure spring.jpa.open-in-view to disable this warning
2024-06-13T10:46:43.650+02:00  INFO 12148 --- [g-40-shop] [main] r$InitializeUserDetailsManagerConfigurer : Global AuthenticationManager configured with UserDetailsService bean with name userService
2024-06-13T10:46:44.655+02:00  INFO 12148 --- [g-40-shop] [main] o.s.s.web.DefaultSecurityFilterChain     : Will secure any request with [org.springframework.security.web.session.DisableEncodeUrlFilter@5acf51d7, org.springframework.security.web.context.request.async.WebAsyncManagerIntegrationFilter@441a2d52, org.springframework.security.web.context.SecurityContextHolderFilter@796434a3, org.springframework.security.web.header.HeaderWriterFilter@136d1d58, org.springframework.web.filter.CorsFilter@204b1903, org.springframework.security.web.authentication.logout.LogoutFilter@70b437bb, de.ait_tr.g_40_shop.security.sec_filter.TokenFilter@14a3a66c, org.springframework.security.web.savedrequest.RequestCacheAwareFilter@542aba71, org.springframework.security.web.servletapi.SecurityContextHolderAwareRequestFilter@65402e26, org.springframework.security.web.authentication.AnonymousAuthenticationFilter@6c8b6782, org.springframework.security.web.session.SessionManagementFilter@71d3dfd5, org.springframework.security.web.access.ExceptionTranslationFilter@6193a9e2, org.springframework.security.web.access.intercept.AuthorizationFilter@3e3b41cb]
2024-06-13T10:46:45.822+02:00  INFO 12148 --- [g-40-shop] [main] o.s.b.w.embedded.tomcat.TomcatWebServer  : Tomcat started on port 8080 (http) with context path '/'
2024-06-13T10:46:45.855+02:00  INFO 12148 --- [g-40-shop] [main] de.ait_tr.g_40_shop.G40ShopApplication   : Started G40ShopApplication in 24.611 seconds (process running for 26.295)
2024-06-13T10:46:51.023+02:00  INFO 12148 --- [g-40-shop] [http-nio-8080-exec-2] o.a.c.c.C.[Tomcat].[localhost].[/]       : Initializing Spring DispatcherServlet 'dispatcherServlet'
2024-06-13T10:46:51.025+02:00  INFO 12148 --- [g-40-shop] [http-nio-8080-exec-2] o.s.web.servlet.DispatcherServlet        : Initializing Servlet 'dispatcherServlet'
2024-06-13T10:46:51.037+02:00  INFO 12148 --- [g-40-shop] [http-nio-8080-exec-2] o.s.web.servlet.DispatcherServlet        : Completed initialization in 11 ms
2024-06-13T11:59:05.593+02:00  INFO 12148 --- [g-40-shop] [SpringApplicationShutdownHook] j.LocalContainerEntityManagerFactoryBean : Closing JPA EntityManagerFactory for persistence unit 'default'
2024-06-13T11:59:05.644+02:00  INFO 12148 --- [g-40-shop] [SpringApplicationShutdownHook] com.zaxxer.hikari.HikariDataSource       : HikariPool-1 - Shutdown initiated...
2024-06-13T11:59:05.665+02:00  INFO 12148 --- [g-40-shop] [SpringApplicationShutdownHook] com.zaxxer.hikari.HikariDataSource       : HikariPool-1 - Shutdown completed.
